.next/types/validator.ts(134,39): error TS2307: Cannot find module '../../src/app/dashboard/payroll/page.js' or its corresponding type declarations.
.next/types/validator.ts(602,39): error TS2307: Cannot find module '../../src/app/api/payroll/generate/route.js' or its corresponding type declarations.
.next/types/validator.ts(611,39): error TS2307: Cannot find module '../../src/app/api/payroll/route.js' or its corresponding type declarations.
.next/types/validator.ts(620,39): error TS2307: Cannot find module '../../src/app/api/payroll/salary-config/route.js' or its corresponding type declarations.
.next/types/validator.ts(692,39): error TS2307: Cannot find module '../../src/app/api/projects/[id]/handover/route.js' or its corresponding type declarations.
src/app/dashboard/settings/page.tsx(11,28): error TS2307: Cannot find module '@/components/payroll/PayrollSection' or its corresponding type declarations.
